<?xml version="1.0" encoding="UTF-8"?>
<!-- Generated by org.testng.reporters.JUnitReportReporter -->
<testsuite hostname="Nigam" failures="0" tests="1" name="com.ui.tests.AddAddressTest" time="12.224" errors="0" timestamp="2025-06-10T17:13:52 IST" skipped="0">
  <testcase classname="com.ui.tests.AddAddressTest" name="demo5" time="12.224"/>
</testsuite> <!-- com.ui.tests.AddAddressTest -->
