<?xml version="1.0" encoding="UTF-8"?>
<!-- Generated by org.testng.reporters.JUnitReportReporter -->
<testsuite hostname="Nigam" failures="0" tests="1" name="com.ui.tests.ProductSearchTest" time="22.687" errors="0" timestamp="2025-06-10T02:42:28 IST" skipped="0">
  <testcase classname="com.ui.tests.ProductSearchTest" name="searchProductTest" time="22.687"/>
</testsuite> <!-- com.ui.tests.ProductSearchTest -->
