<?xml version="1.0" encoding="UTF-8"?>
<!-- Generated by org.testng.reporters.JUnitReportReporter -->
<testsuite hostname="Nigam" failures="0" tests="1" name="com.ui.tests.LoginTest1" time="46.039" errors="0" timestamp="2025-06-09T17:00:56 IST" skipped="0">
  <testcase classname="com.ui.tests.LoginTest1" name="demo1" time="46.039"/>
</testsuite> <!-- com.ui.tests.LoginTest1 -->
