<?xml version="1.0" encoding="UTF-8"?>
<!-- Generated by org.testng.reporters.JUnitReportReporter -->
<testsuite hostname="Nigam" failures="0" tests="1" name="com.api.tests.AccountCreationTest" time="7.408" errors="0" timestamp="2025-07-09T04:40:30 IST" skipped="0">
  <testcase classname="com.api.tests.AccountCreationTest" name="createAccountTest" time="7.408"/>
</testsuite> <!-- com.api.tests.AccountCreationTest -->
