<?xml version="1.0" encoding="UTF-8"?>
<!-- Generated by org.testng.reporters.JUnitReportReporter -->
<testsuite hostname="Nigam" failures="0" tests="1" name="com.api.tests.AddAddressToUserTest" time="0.971" errors="0" timestamp="2025-07-09T04:40:30 IST" skipped="0">
  <testcase classname="com.api.tests.AddAddressToUserTest" name="addAddressToUserTest" time="0.971"/>
</testsuite> <!-- com.api.tests.AddAddressToUserTest -->
